Creating database: PTS
Save repository element : PTS : Creation of initial version
Creating database: GPR
Save repository element : GPR : Creation of initial version
Updating database connection   {0} 
Save repository element : GPR : Modification by user
Updating database connection   {0} 
Save repository element : GPR : Modification by user
Updating database connection   {0} 
Save repository element : PTS : Modification by user
Updating database connection   {0} 
Save repository element : GPR : Modification by user
Creating database: GPR-DEV
Save repository element : GPR-DEV : Creation of initial version
Save database : Modification by user
Save repository element : GPR : Modification by user
Save database : Modification by user
Save repository element : GPR-PROD : Modification by user
Save database : Modification by user
Save repository element : GPR-DEV01 : Modification by user
Save database : Modification by user
Save repository element : PTS-PROD : Modification by user
Creating database: GPR-PROD
Save repository element : GPR-PROD : Creation of initial version
Creating database: GPR-DB-Variable
Save repository element : GPR-DB-Variable : Creation of initial version
Creating database: GPR-VARIABLE
Save repository element : GPR-VARIABLE : Creation of initial version
Updating database connection   {0} 
Save repository element : GPR-VARIABLE : Modification by user
Updating database connection   {0} 
Save repository element : GPR-VARIABLE : Modification by user
